<?xml version="1.0" encoding="UTF-8"?>
<testng-results skipped="0" failed="3" ignored="0" total="24" passed="21">
  <reporter-output>
  </reporter-output>
  <suite name="Default suite" duration-ms="165844" started-at="2020-06-18T08:21:29Z" finished-at="2020-06-18T08:24:15Z">
    <groups>
    </groups>
    <test name="Default test" duration-ms="165844" started-at="2020-06-18T08:21:29Z" finished-at="2020-06-18T08:24:15Z">
      <class name="createPageAndAddElements.CreatePageAndElements">
        <test-method status="PASS" signature="configBC()[pri:0, instance:createPageAndAddElements.CreatePageAndElements@2c34f934]" name="configBC" is-config="true" duration-ms="13522" started-at="2020-06-18T08:21:29Z" finished-at="2020-06-18T08:21:43Z">
          <reporter-output>
          </reporter-output>
        </test-method> <!-- configBC -->
        <test-method status="PASS" signature="addingElements(java.lang.String, java.lang.String, java.lang.String, java.lang.String, java.lang.String, java.lang.String, java.lang.String, java.lang.String)[pri:0, instance:createPageAndAddElements.CreatePageAndElements@2c34f934]" name="addingElements" duration-ms="10781" started-at="2020-06-18T08:21:44Z" data-provider="getExcelDataForGivenPage" finished-at="2020-06-18T08:21:54Z">
          <params>
            <param index="0">
              <value>
                <![CDATA[Search]]>
              </value>
            </param>
            <param index="1">
              <value>
                <![CDATA[Filters]]>
              </value>
            </param>
            <param index="2">
              <value>
                <![CDATA[Colours]]>
              </value>
            </param>
            <param index="3">
              <value>
                <![CDATA[Dropdown]]>
              </value>
            </param>
            <param index="4">
              <value>
                <![CDATA[xpath]]>
              </value>
            </param>
            <param index="5">
              <value>
                <![CDATA[//android.widget.TextView[@text='Colours']]]>
              </value>
            </param>
            <param index="6">
              <value>
                <![CDATA[xpath]]>
              </value>
            </param>
            <param index="7">
              <value>
                <![CDATA[//android.widget.TextView[@text='Colours']]]>
              </value>
            </param>
          </params>
          <reporter-output>
          </reporter-output>
        </test-method> <!-- addingElements -->
        <test-method status="PASS" signature="addingElements(java.lang.String, java.lang.String, java.lang.String, java.lang.String, java.lang.String, java.lang.String, java.lang.String, java.lang.String)[pri:0, instance:createPageAndAddElements.CreatePageAndElements@2c34f934]" name="addingElements" duration-ms="4913" started-at="2020-06-18T08:21:54Z" data-provider="getExcelDataForGivenPage" finished-at="2020-06-18T08:21:59Z">
          <params>
            <param index="0">
              <value>
                <![CDATA[Search]]>
              </value>
            </param>
            <param index="1">
              <value>
                <![CDATA[Filters]]>
              </value>
            </param>
            <param index="2">
              <value>
                <![CDATA[Blacks]]>
              </value>
            </param>
            <param index="3">
              <value>
                <![CDATA[Option]]>
              </value>
            </param>
            <param index="4">
              <value>
                <![CDATA[xpath]]>
              </value>
            </param>
            <param index="5">
              <value>
                <![CDATA[//android.widget.TextView[@text='Blacks']]]>
              </value>
            </param>
            <param index="6">
              <value>
                <![CDATA[xpath]]>
              </value>
            </param>
            <param index="7">
              <value>
                <![CDATA[//android.widget.TextView[@text='Blacks']]]>
              </value>
            </param>
          </params>
          <reporter-output>
          </reporter-output>
        </test-method> <!-- addingElements -->
        <test-method status="PASS" signature="addingElements(java.lang.String, java.lang.String, java.lang.String, java.lang.String, java.lang.String, java.lang.String, java.lang.String, java.lang.String)[pri:0, instance:createPageAndAddElements.CreatePageAndElements@2c34f934]" name="addingElements" duration-ms="5273" started-at="2020-06-18T08:21:59Z" data-provider="getExcelDataForGivenPage" finished-at="2020-06-18T08:22:05Z">
          <params>
            <param index="0">
              <value>
                <![CDATA[Search]]>
              </value>
            </param>
            <param index="1">
              <value>
                <![CDATA[Filters]]>
              </value>
            </param>
            <param index="2">
              <value>
                <![CDATA[ApplyFilters]]>
              </value>
            </param>
            <param index="3">
              <value>
                <![CDATA[Button]]>
              </value>
            </param>
            <param index="4">
              <value>
                <![CDATA[xpath]]>
              </value>
            </param>
            <param index="5">
              <value>
                <![CDATA[//android.widget.Button[@text='APPLY FILTERS']]]>
              </value>
            </param>
            <param index="6">
              <value>
                <![CDATA[xpath]]>
              </value>
            </param>
            <param index="7">
              <value>
                <![CDATA[//android.widget.Button[@text='APPLY FILTERS']]]>
              </value>
            </param>
          </params>
          <reporter-output>
          </reporter-output>
        </test-method> <!-- addingElements -->
        <test-method status="PASS" signature="addingElements(java.lang.String, java.lang.String, java.lang.String, java.lang.String, java.lang.String, java.lang.String, java.lang.String, java.lang.String)[pri:0, instance:createPageAndAddElements.CreatePageAndElements@2c34f934]" name="addingElements" duration-ms="5229" started-at="2020-06-18T08:22:05Z" data-provider="getExcelDataForGivenPage" finished-at="2020-06-18T08:22:10Z">
          <params>
            <param index="0">
              <value>
                <![CDATA[Search]]>
              </value>
            </param>
            <param index="1">
              <value>
                <![CDATA[Filters]]>
              </value>
            </param>
            <param index="2">
              <value>
                <![CDATA[RemoveFilters]]>
              </value>
            </param>
            <param index="3">
              <value>
                <![CDATA[Button]]>
              </value>
            </param>
            <param index="4">
              <value>
                <![CDATA[xpath]]>
              </value>
            </param>
            <param index="5">
              <value>
                <![CDATA[//android.widget.Button[@text='REMOVE FILTERS']]]>
              </value>
            </param>
            <param index="6">
              <value>
                <![CDATA[xpath]]>
              </value>
            </param>
            <param index="7">
              <value>
                <![CDATA[//android.widget.Button[@text='REMOVE FILTERS']]]>
              </value>
            </param>
          </params>
          <reporter-output>
          </reporter-output>
        </test-method> <!-- addingElements -->
        <test-method status="PASS" signature="addingElements(java.lang.String, java.lang.String, java.lang.String, java.lang.String, java.lang.String, java.lang.String, java.lang.String, java.lang.String)[pri:0, instance:createPageAndAddElements.CreatePageAndElements@2c34f934]" name="addingElements" duration-ms="7357" started-at="2020-06-18T08:22:10Z" data-provider="getExcelDataForGivenPage" finished-at="2020-06-18T08:22:17Z">
          <params>
            <param index="0">
              <value>
                <![CDATA[Search]]>
              </value>
            </param>
            <param index="1">
              <value>
                <![CDATA[Search]]>
              </value>
            </param>
            <param index="2">
              <value>
                <![CDATA[FirstSelection]]>
              </value>
            </param>
            <param index="3">
              <value>
                <![CDATA[Option]]>
              </value>
            </param>
            <param index="4">
              <value>
                <![CDATA[xpath]]>
              </value>
            </param>
            <param index="5">
              <value>
                <![CDATA[(//android.view.ViewGroup[@resource-id='com.dylvian.mango.activities:id/constraintlayout_item_gallery_clothing_root'])[1]]]>
              </value>
            </param>
            <param index="6">
              <value>
                <![CDATA[xpath]]>
              </value>
            </param>
            <param index="7">
              <value>
                <![CDATA[(//android.view.ViewGroup[@resource-id='com.dylvian.mango.activities:id/constraintlayout_item_gallery_clothing_root'])[1]]]>
              </value>
            </param>
          </params>
          <reporter-output>
          </reporter-output>
        </test-method> <!-- addingElements -->
        <test-method status="PASS" signature="addingElements(java.lang.String, java.lang.String, java.lang.String, java.lang.String, java.lang.String, java.lang.String, java.lang.String, java.lang.String)[pri:0, instance:createPageAndAddElements.CreatePageAndElements@2c34f934]" name="addingElements" duration-ms="5320" started-at="2020-06-18T08:22:17Z" data-provider="getExcelDataForGivenPage" finished-at="2020-06-18T08:22:23Z">
          <params>
            <param index="0">
              <value>
                <![CDATA[Search]]>
              </value>
            </param>
            <param index="1">
              <value>
                <![CDATA[Search]]>
              </value>
            </param>
            <param index="2">
              <value>
                <![CDATA[Size]]>
              </value>
            </param>
            <param index="3">
              <value>
                <![CDATA[Dropdown]]>
              </value>
            </param>
            <param index="4">
              <value>
                <![CDATA[id]]>
              </value>
            </param>
            <param index="5">
              <value>
                <![CDATA[com.dylvian.mango.activities:id/layout_gallery_size_selector]]>
              </value>
            </param>
            <param index="6">
              <value>
                <![CDATA[id]]>
              </value>
            </param>
            <param index="7">
              <value>
                <![CDATA[com.dylvian.mango.activities:id/layout_gallery_size_selector]]>
              </value>
            </param>
          </params>
          <reporter-output>
          </reporter-output>
        </test-method> <!-- addingElements -->
        <test-method status="PASS" signature="addingElements(java.lang.String, java.lang.String, java.lang.String, java.lang.String, java.lang.String, java.lang.String, java.lang.String, java.lang.String)[pri:0, instance:createPageAndAddElements.CreatePageAndElements@2c34f934]" name="addingElements" duration-ms="4697" started-at="2020-06-18T08:22:23Z" data-provider="getExcelDataForGivenPage" finished-at="2020-06-18T08:22:27Z">
          <params>
            <param index="0">
              <value>
                <![CDATA[Search]]>
              </value>
            </param>
            <param index="1">
              <value>
                <![CDATA[Search]]>
              </value>
            </param>
            <param index="2">
              <value>
                <![CDATA[ChooseSize]]>
              </value>
            </param>
            <param index="3">
              <value>
                <![CDATA[Option]]>
              </value>
            </param>
            <param index="4">
              <value>
                <![CDATA[xpath]]>
              </value>
            </param>
            <param index="5">
              <value>
                <![CDATA[//android.widget.TextView[@text='M']]]>
              </value>
            </param>
            <param index="6">
              <value>
                <![CDATA[xpath]]>
              </value>
            </param>
            <param index="7">
              <value>
                <![CDATA[//android.widget.TextView[@text='M']]]>
              </value>
            </param>
          </params>
          <reporter-output>
          </reporter-output>
        </test-method> <!-- addingElements -->
        <test-method status="PASS" signature="addingElements(java.lang.String, java.lang.String, java.lang.String, java.lang.String, java.lang.String, java.lang.String, java.lang.String, java.lang.String)[pri:0, instance:createPageAndAddElements.CreatePageAndElements@2c34f934]" name="addingElements" duration-ms="4786" started-at="2020-06-18T08:22:27Z" data-provider="getExcelDataForGivenPage" finished-at="2020-06-18T08:22:32Z">
          <params>
            <param index="0">
              <value>
                <![CDATA[Search]]>
              </value>
            </param>
            <param index="1">
              <value>
                <![CDATA[Search]]>
              </value>
            </param>
            <param index="2">
              <value>
                <![CDATA[Add]]>
              </value>
            </param>
            <param index="3">
              <value>
                <![CDATA[Button]]>
              </value>
            </param>
            <param index="4">
              <value>
                <![CDATA[xpath]]>
              </value>
            </param>
            <param index="5">
              <value>
                <![CDATA[//android.widget.Button[@text='Add']]]>
              </value>
            </param>
            <param index="6">
              <value>
                <![CDATA[xpath]]>
              </value>
            </param>
            <param index="7">
              <value>
                <![CDATA[//android.widget.Button[@text='Add']]]>
              </value>
            </param>
          </params>
          <reporter-output>
          </reporter-output>
        </test-method> <!-- addingElements -->
        <test-method status="PASS" signature="addingElements(java.lang.String, java.lang.String, java.lang.String, java.lang.String, java.lang.String, java.lang.String, java.lang.String, java.lang.String)[pri:0, instance:createPageAndAddElements.CreatePageAndElements@2c34f934]" name="addingElements" duration-ms="6191" started-at="2020-06-18T08:22:32Z" data-provider="getExcelDataForGivenPage" finished-at="2020-06-18T08:22:38Z">
          <params>
            <param index="0">
              <value>
                <![CDATA[Search]]>
              </value>
            </param>
            <param index="1">
              <value>
                <![CDATA[Search]]>
              </value>
            </param>
            <param index="2">
              <value>
                <![CDATA[Bag]]>
              </value>
            </param>
            <param index="3">
              <value>
                <![CDATA[Button]]>
              </value>
            </param>
            <param index="4">
              <value>
                <![CDATA[xpath]]>
              </value>
            </param>
            <param index="5">
              <value>
                <![CDATA[//android.widget.LinearLayout[@resource-id="com.dylvian.mango.activities:id/linearLayout"]]]>
              </value>
            </param>
            <param index="6">
              <value>
                <![CDATA[xpath]]>
              </value>
            </param>
            <param index="7">
              <value>
                <![CDATA[//android.widget.LinearLayout[@resource-id="com.dylvian.mango.activities:id/linearLayout"]]]>
              </value>
            </param>
          </params>
          <reporter-output>
          </reporter-output>
        </test-method> <!-- addingElements -->
        <test-method status="PASS" signature="addingElements(java.lang.String, java.lang.String, java.lang.String, java.lang.String, java.lang.String, java.lang.String, java.lang.String, java.lang.String)[pri:0, instance:createPageAndAddElements.CreatePageAndElements@2c34f934]" name="addingElements" duration-ms="10350" started-at="2020-06-18T08:22:38Z" data-provider="getExcelDataForGivenPage" finished-at="2020-06-18T08:22:49Z">
          <params>
            <param index="0">
              <value>
                <![CDATA[Search]]>
              </value>
            </param>
            <param index="1">
              <value>
                <![CDATA[Bag]]>
              </value>
            </param>
            <param index="2">
              <value>
                <![CDATA[Buy]]>
              </value>
            </param>
            <param index="3">
              <value>
                <![CDATA[Button]]>
              </value>
            </param>
            <param index="4">
              <value>
                <![CDATA[id]]>
              </value>
            </param>
            <param index="5">
              <value>
                <![CDATA[com.dylvian.mango.activities:id/bag_button_buy]]>
              </value>
            </param>
            <param index="6">
              <value>
                <![CDATA[id]]>
              </value>
            </param>
            <param index="7">
              <value>
                <![CDATA[com.dylvian.mango.activities:id/bag_button_buy]]>
              </value>
            </param>
          </params>
          <reporter-output>
          </reporter-output>
        </test-method> <!-- addingElements -->
        <test-method status="PASS" signature="addingElements(java.lang.String, java.lang.String, java.lang.String, java.lang.String, java.lang.String, java.lang.String, java.lang.String, java.lang.String)[pri:0, instance:createPageAndAddElements.CreatePageAndElements@2c34f934]" name="addingElements" duration-ms="9025" started-at="2020-06-18T08:22:49Z" data-provider="getExcelDataForGivenPage" finished-at="2020-06-18T08:22:58Z">
          <params>
            <param index="0">
              <value>
                <![CDATA[Search]]>
              </value>
            </param>
            <param index="1">
              <value>
                <![CDATA[Bag]]>
              </value>
            </param>
            <param index="2">
              <value>
                <![CDATA[ActionMenu]]>
              </value>
            </param>
            <param index="3">
              <value>
                <![CDATA[Icon]]>
              </value>
            </param>
            <param index="4">
              <value>
                <![CDATA[xpath]]>
              </value>
            </param>
            <param index="5">
              <value>
                <![CDATA[//android.widget.TextView[@resource-id="com.dylvian.mango.activities:id/tv_bag_item_edit_price"]/parent::android.widget.LinearLayout/android.widget.LinearLayout/android.widget.ImageButton]]>
              </value>
            </param>
            <param index="6">
              <value>
                <![CDATA[xpath]]>
              </value>
            </param>
            <param index="7">
              <value>
                <![CDATA[//android.widget.TextView[@resource-id="com.dylvian.mango.activities:id/tv_bag_item_edit_price"]/parent::android.widget.LinearLayout/android.widget.LinearLayout/android.widget.ImageButton]]>
              </value>
            </param>
          </params>
          <reporter-output>
          </reporter-output>
        </test-method> <!-- addingElements -->
        <test-method status="PASS" signature="addingElements(java.lang.String, java.lang.String, java.lang.String, java.lang.String, java.lang.String, java.lang.String, java.lang.String, java.lang.String)[pri:0, instance:createPageAndAddElements.CreatePageAndElements@2c34f934]" name="addingElements" duration-ms="5208" started-at="2020-06-18T08:22:58Z" data-provider="getExcelDataForGivenPage" finished-at="2020-06-18T08:23:03Z">
          <params>
            <param index="0">
              <value>
                <![CDATA[Search]]>
              </value>
            </param>
            <param index="1">
              <value>
                <![CDATA[Bag]]>
              </value>
            </param>
            <param index="2">
              <value>
                <![CDATA[MoveToWishlist]]>
              </value>
            </param>
            <param index="3">
              <value>
                <![CDATA[Icon]]>
              </value>
            </param>
            <param index="4">
              <value>
                <![CDATA[xpath]]>
              </value>
            </param>
            <param index="5">
              <value>
                <![CDATA[//android.widget.TextView[@text='Move to Wishlist']]]>
              </value>
            </param>
            <param index="6">
              <value>
                <![CDATA[xpath]]>
              </value>
            </param>
            <param index="7">
              <value>
                <![CDATA[//android.widget.TextView[@text='Move to Wishlist']]]>
              </value>
            </param>
          </params>
          <reporter-output>
          </reporter-output>
        </test-method> <!-- addingElements -->
        <test-method status="PASS" signature="addingElements(java.lang.String, java.lang.String, java.lang.String, java.lang.String, java.lang.String, java.lang.String, java.lang.String, java.lang.String)[pri:0, instance:createPageAndAddElements.CreatePageAndElements@2c34f934]" name="addingElements" duration-ms="4832" started-at="2020-06-18T08:23:03Z" data-provider="getExcelDataForGivenPage" finished-at="2020-06-18T08:23:08Z">
          <params>
            <param index="0">
              <value>
                <![CDATA[Search]]>
              </value>
            </param>
            <param index="1">
              <value>
                <![CDATA[Bag]]>
              </value>
            </param>
            <param index="2">
              <value>
                <![CDATA[Delete]]>
              </value>
            </param>
            <param index="3">
              <value>
                <![CDATA[Icon]]>
              </value>
            </param>
            <param index="4">
              <value>
                <![CDATA[xpath]]>
              </value>
            </param>
            <param index="5">
              <value>
                <![CDATA[//android.widget.TextView[@text='Delete']]]>
              </value>
            </param>
            <param index="6">
              <value>
                <![CDATA[xpath]]>
              </value>
            </param>
            <param index="7">
              <value>
                <![CDATA[//android.widget.TextView[@text='Delete']]]>
              </value>
            </param>
          </params>
          <reporter-output>
          </reporter-output>
        </test-method> <!-- addingElements -->
        <test-method status="PASS" signature="addingElements(java.lang.String, java.lang.String, java.lang.String, java.lang.String, java.lang.String, java.lang.String, java.lang.String, java.lang.String)[pri:0, instance:createPageAndAddElements.CreatePageAndElements@2c34f934]" name="addingElements" duration-ms="10817" started-at="2020-06-18T08:23:08Z" data-provider="getExcelDataForGivenPage" finished-at="2020-06-18T08:23:18Z">
          <params>
            <param index="0">
              <value>
                <![CDATA[Search]]>
              </value>
            </param>
            <param index="1">
              <value>
                <![CDATA[Payment]]>
              </value>
            </param>
            <param index="2">
              <value>
                <![CDATA[ProceedWithPayment]]>
              </value>
            </param>
            <param index="3">
              <value>
                <![CDATA[Button]]>
              </value>
            </param>
            <param index="4">
              <value>
                <![CDATA[xpath]]>
              </value>
            </param>
            <param index="5">
              <value>
                <![CDATA[//android.widget.Button[@text='Proceed with payment']]]>
              </value>
            </param>
            <param index="6">
              <value>
                <![CDATA[xpath]]>
              </value>
            </param>
            <param index="7">
              <value>
                <![CDATA[//android.widget.Button[@text='Proceed with payment']]]>
              </value>
            </param>
          </params>
          <reporter-output>
          </reporter-output>
        </test-method> <!-- addingElements -->
        <test-method status="PASS" signature="addingElements(java.lang.String, java.lang.String, java.lang.String, java.lang.String, java.lang.String, java.lang.String, java.lang.String, java.lang.String)[pri:0, instance:createPageAndAddElements.CreatePageAndElements@2c34f934]" name="addingElements" duration-ms="4616" started-at="2020-06-18T08:23:18Z" data-provider="getExcelDataForGivenPage" finished-at="2020-06-18T08:23:23Z">
          <params>
            <param index="0">
              <value>
                <![CDATA[Search]]>
              </value>
            </param>
            <param index="1">
              <value>
                <![CDATA[Payment]]>
              </value>
            </param>
            <param index="2">
              <value>
                <![CDATA[Paypal]]>
              </value>
            </param>
            <param index="3">
              <value>
                <![CDATA[Image]]>
              </value>
            </param>
            <param index="4">
              <value>
                <![CDATA[xpath]]>
              </value>
            </param>
            <param index="5">
              <value>
                <![CDATA[//android.widget.Image[@text='paypal']]]>
              </value>
            </param>
            <param index="6">
              <value>
                <![CDATA[xpath]]>
              </value>
            </param>
            <param index="7">
              <value>
                <![CDATA[//android.widget.Image[@text='paypal']]]>
              </value>
            </param>
          </params>
          <reporter-output>
          </reporter-output>
        </test-method> <!-- addingElements -->
        <test-method status="PASS" signature="addingElements(java.lang.String, java.lang.String, java.lang.String, java.lang.String, java.lang.String, java.lang.String, java.lang.String, java.lang.String)[pri:0, instance:createPageAndAddElements.CreatePageAndElements@2c34f934]" name="addingElements" duration-ms="4978" started-at="2020-06-18T08:23:23Z" data-provider="getExcelDataForGivenPage" finished-at="2020-06-18T08:23:28Z">
          <params>
            <param index="0">
              <value>
                <![CDATA[Search]]>
              </value>
            </param>
            <param index="1">
              <value>
                <![CDATA[Payment]]>
              </value>
            </param>
            <param index="2">
              <value>
                <![CDATA[SecurePayment]]>
              </value>
            </param>
            <param index="3">
              <value>
                <![CDATA[Button]]>
              </value>
            </param>
            <param index="4">
              <value>
                <![CDATA[xpath]]>
              </value>
            </param>
            <param index="5">
              <value>
                <![CDATA[//android.widget.Button[@text='Secure payment']]]>
              </value>
            </param>
            <param index="6">
              <value>
                <![CDATA[xpath]]>
              </value>
            </param>
            <param index="7">
              <value>
                <![CDATA[//android.widget.Button[@text='Secure payment']]]>
              </value>
            </param>
          </params>
          <reporter-output>
          </reporter-output>
        </test-method> <!-- addingElements -->
        <test-method status="PASS" signature="addingElements(java.lang.String, java.lang.String, java.lang.String, java.lang.String, java.lang.String, java.lang.String, java.lang.String, java.lang.String)[pri:0, instance:createPageAndAddElements.CreatePageAndElements@2c34f934]" name="addingElements" duration-ms="4933" started-at="2020-06-18T08:23:28Z" data-provider="getExcelDataForGivenPage" finished-at="2020-06-18T08:23:33Z">
          <params>
            <param index="0">
              <value>
                <![CDATA[Search]]>
              </value>
            </param>
            <param index="1">
              <value>
                <![CDATA[Payment]]>
              </value>
            </param>
            <param index="2">
              <value>
                <![CDATA[Email]]>
              </value>
            </param>
            <param index="3">
              <value>
                <![CDATA[Textfield]]>
              </value>
            </param>
            <param index="4">
              <value>
                <![CDATA[xpath]]>
              </value>
            </param>
            <param index="5">
              <value>
                <![CDATA[//android.widget.EditText[@resource-id='email']]]>
              </value>
            </param>
            <param index="6">
              <value>
                <![CDATA[xpath]]>
              </value>
            </param>
            <param index="7">
              <value>
                <![CDATA[//android.widget.EditText[@resource-id='email']]]>
              </value>
            </param>
          </params>
          <reporter-output>
          </reporter-output>
        </test-method> <!-- addingElements -->
        <test-method status="PASS" signature="addingElements(java.lang.String, java.lang.String, java.lang.String, java.lang.String, java.lang.String, java.lang.String, java.lang.String, java.lang.String)[pri:0, instance:createPageAndAddElements.CreatePageAndElements@2c34f934]" name="addingElements" duration-ms="5043" started-at="2020-06-18T08:23:33Z" data-provider="getExcelDataForGivenPage" finished-at="2020-06-18T08:23:38Z">
          <params>
            <param index="0">
              <value>
                <![CDATA[Search]]>
              </value>
            </param>
            <param index="1">
              <value>
                <![CDATA[Payment]]>
              </value>
            </param>
            <param index="2">
              <value>
                <![CDATA[Password]]>
              </value>
            </param>
            <param index="3">
              <value>
                <![CDATA[Textfield]]>
              </value>
            </param>
            <param index="4">
              <value>
                <![CDATA[xpath]]>
              </value>
            </param>
            <param index="5">
              <value>
                <![CDATA[//android.widget.EditText[@resource-id='password']]]>
              </value>
            </param>
            <param index="6">
              <value>
                <![CDATA[xpath]]>
              </value>
            </param>
            <param index="7">
              <value>
                <![CDATA[//android.widget.EditText[@resource-id='password']]]>
              </value>
            </param>
          </params>
          <reporter-output>
          </reporter-output>
        </test-method> <!-- addingElements -->
        <test-method status="PASS" signature="addingElements(java.lang.String, java.lang.String, java.lang.String, java.lang.String, java.lang.String, java.lang.String, java.lang.String, java.lang.String)[pri:0, instance:createPageAndAddElements.CreatePageAndElements@2c34f934]" name="addingElements" duration-ms="3999" started-at="2020-06-18T08:23:38Z" data-provider="getExcelDataForGivenPage" finished-at="2020-06-18T08:23:42Z">
          <params>
            <param index="0">
              <value>
                <![CDATA[Search]]>
              </value>
            </param>
            <param index="1">
              <value>
                <![CDATA[Payment]]>
              </value>
            </param>
            <param index="2">
              <value>
                <![CDATA[Login]]>
              </value>
            </param>
            <param index="3">
              <value>
                <![CDATA[Button]]>
              </value>
            </param>
            <param index="4">
              <value>
                <![CDATA[id]]>
              </value>
            </param>
            <param index="5">
              <value>
                <![CDATA[btnLogin]]>
              </value>
            </param>
            <param index="6">
              <value>
                <![CDATA[id]]>
              </value>
            </param>
            <param index="7">
              <value>
                <![CDATA[btnLogin]]>
              </value>
            </param>
          </params>
          <reporter-output>
          </reporter-output>
        </test-method> <!-- addingElements -->
        <test-method status="PASS" signature="addingElements(java.lang.String, java.lang.String, java.lang.String, java.lang.String, java.lang.String, java.lang.String, java.lang.String, java.lang.String)[pri:0, instance:createPageAndAddElements.CreatePageAndElements@2c34f934]" name="addingElements" duration-ms="5443" started-at="2020-06-18T08:23:42Z" data-provider="getExcelDataForGivenPage" finished-at="2020-06-18T08:23:47Z">
          <params>
            <param index="0">
              <value>
                <![CDATA[Search]]>
              </value>
            </param>
            <param index="1">
              <value>
                <![CDATA[Payment]]>
              </value>
            </param>
            <param index="2">
              <value>
                <![CDATA[ErrorMessage]]>
              </value>
            </param>
            <param index="3">
              <value>
                <![CDATA[Text]]>
              </value>
            </param>
            <param index="4">
              <value>
                <![CDATA[xpath]]>
              </value>
            </param>
            <param index="5">
              <value>
                <![CDATA[//android.view.View[@text='reset your password']]]>
              </value>
            </param>
            <param index="6">
              <value>
                <![CDATA[xpath]]>
              </value>
            </param>
            <param index="7">
              <value>
                <![CDATA[//android.view.View[@text='reset your password']]]>
              </value>
            </param>
          </params>
          <reporter-output>
          </reporter-output>
        </test-method> <!-- addingElements -->
        <test-method status="PASS" signature="addingElements(java.lang.String, java.lang.String, java.lang.String, java.lang.String, java.lang.String, java.lang.String, java.lang.String, java.lang.String)[pri:0, instance:createPageAndAddElements.CreatePageAndElements@2c34f934]" name="addingElements" duration-ms="4936" started-at="2020-06-18T08:23:47Z" data-provider="getExcelDataForGivenPage" finished-at="2020-06-18T08:23:52Z">
          <params>
            <param index="0">
              <value>
                <![CDATA[Wishlist]]>
              </value>
            </param>
            <param index="1">
              <value>
                <![CDATA[Wishlist]]>
              </value>
            </param>
            <param index="2">
              <value>
                <![CDATA[Wishlist]]>
              </value>
            </param>
            <param index="3">
              <value>
                <![CDATA[Icon]]>
              </value>
            </param>
            <param index="4">
              <value>
                <![CDATA[xpath]]>
              </value>
            </param>
            <param index="5">
              <value>
                <![CDATA[//android.widget.TextView[@text='Wishlist']]]>
              </value>
            </param>
            <param index="6">
              <value>
                <![CDATA[xpath]]>
              </value>
            </param>
            <param index="7">
              <value>
                <![CDATA[//android.widget.TextView[@text='Wishlist']]]>
              </value>
            </param>
          </params>
          <reporter-output>
          </reporter-output>
        </test-method> <!-- addingElements -->
        <test-method status="FAIL" signature="addingElements(java.lang.String, java.lang.String, java.lang.String, java.lang.String, java.lang.String, java.lang.String, java.lang.String, java.lang.String)[pri:0, instance:createPageAndAddElements.CreatePageAndElements@2c34f934]" name="addingElements" duration-ms="9303" started-at="2020-06-18T08:23:52Z" data-provider="getExcelDataForGivenPage" finished-at="2020-06-18T08:24:02Z">
          <params>
            <param index="0">
              <value>
                <![CDATA[Wishlist]]>
              </value>
            </param>
            <param index="1">
              <value>
                <![CDATA[Wishlist]]>
              </value>
            </param>
            <param index="2">
              <value>
                <![CDATA[Men'sShirt]]>
              </value>
            </param>
            <param index="3">
              <value>
                <![CDATA[Icon]]>
              </value>
            </param>
            <param index="4">
              <value>
                <![CDATA[xpath]]>
              </value>
            </param>
            <param index="5">
              <value>
                <![CDATA[//android.widget.ImageView[@resource-id="com.dylvian.mango.activities:id/item_favourites_image"]/parent::android.view.ViewGroup]]>
              </value>
            </param>
            <param index="6">
              <value>
                <![CDATA[xpath]]>
              </value>
            </param>
            <param index="7">
              <value>
                <![CDATA[//android.widget.ImageView[@resource-id="com.dylvian.mango.activities:id/item_favourites_image"]/parent::android.view.ViewGroup]]>
              </value>
            </param>
          </params>
          <exception class="org.openqa.selenium.NoSuchElementException">
            <message>
              <![CDATA[no such element: Unable to locate element: {"method":"xpath","selector":"//div[contains(text(),'Successfully')]"}
  (Session info: chrome=83.0.4103.97)
For documentation on this error, please visit: https://www.seleniumhq.org/exceptions/no_such_element.html
Build info: version: '3.141.59', revision: 'e82be7d358', time: '2018-11-14T08:17:03'
System info: host: 'TYSS-TESTOPTIMI', ip: '192.168.0.6', os.name: 'Windows 10', os.arch: 'amd64', os.version: '10.0', java.version: '1.8.0_201'
Driver info: org.openqa.selenium.chrome.ChromeDriver
Capabilities {acceptInsecureCerts: false, browserName: chrome, browserVersion: 83.0.4103.97, chrome: {chromedriverVersion: 83.0.4103.39 (ccbf011cb2d2b..., userDataDir: C:\Users\TESTOP~1\AppData\L...}, goog:chromeOptions: {debuggerAddress: localhost:53311}, javascriptEnabled: true, networkConnectionEnabled: false, pageLoadStrategy: normal, platform: WINDOWS, platformName: WINDOWS, proxy: Proxy(), setWindowRect: true, strictFileInteractability: false, timeouts: {implicit: 0, pageLoad: 300000, script: 30000}, unhandledPromptBehavior: dismiss and notify, webauthn:virtualAuthenticators: true}
Session ID: 67c281d72a70ea255f19a7f935d3e343
*** Element info: {Using=xpath, value=//div[contains(text(),'Successfully')]}]]>
            </message>
            <full-stacktrace>
              <![CDATA[org.openqa.selenium.NoSuchElementException: no such element: Unable to locate element: {"method":"xpath","selector":"//div[contains(text(),'Successfully')]"}
  (Session info: chrome=83.0.4103.97)
For documentation on this error, please visit: https://www.seleniumhq.org/exceptions/no_such_element.html
Build info: version: '3.141.59', revision: 'e82be7d358', time: '2018-11-14T08:17:03'
System info: host: 'TYSS-TESTOPTIMI', ip: '192.168.0.6', os.name: 'Windows 10', os.arch: 'amd64', os.version: '10.0', java.version: '1.8.0_201'
Driver info: org.openqa.selenium.chrome.ChromeDriver
Capabilities {acceptInsecureCerts: false, browserName: chrome, browserVersion: 83.0.4103.97, chrome: {chromedriverVersion: 83.0.4103.39 (ccbf011cb2d2b..., userDataDir: C:\Users\TESTOP~1\AppData\L...}, goog:chromeOptions: {debuggerAddress: localhost:53311}, javascriptEnabled: true, networkConnectionEnabled: false, pageLoadStrategy: normal, platform: WINDOWS, platformName: WINDOWS, proxy: Proxy(), setWindowRect: true, strictFileInteractability: false, timeouts: {implicit: 0, pageLoad: 300000, script: 30000}, unhandledPromptBehavior: dismiss and notify, webauthn:virtualAuthenticators: true}
Session ID: 67c281d72a70ea255f19a7f935d3e343
*** Element info: {Using=xpath, value=//div[contains(text(),'Successfully')]}
at sun.reflect.NativeConstructorAccessorImpl.newInstance0(Native Method)
at sun.reflect.NativeConstructorAccessorImpl.newInstance(Unknown Source)
at sun.reflect.DelegatingConstructorAccessorImpl.newInstance(Unknown Source)
at java.lang.reflect.Constructor.newInstance(Unknown Source)
at org.openqa.selenium.remote.http.W3CHttpResponseCodec.createException(W3CHttpResponseCodec.java:187)
at org.openqa.selenium.remote.http.W3CHttpResponseCodec.decode(W3CHttpResponseCodec.java:122)
at org.openqa.selenium.remote.http.W3CHttpResponseCodec.decode(W3CHttpResponseCodec.java:49)
at org.openqa.selenium.remote.HttpCommandExecutor.execute(HttpCommandExecutor.java:158)
at org.openqa.selenium.remote.service.DriverCommandExecutor.execute(DriverCommandExecutor.java:83)
at org.openqa.selenium.remote.RemoteWebDriver.execute(RemoteWebDriver.java:552)
at org.openqa.selenium.remote.RemoteWebDriver.findElement(RemoteWebDriver.java:323)
at org.openqa.selenium.remote.RemoteWebDriver.findElementByXPath(RemoteWebDriver.java:428)
at org.openqa.selenium.By$ByXPath.findElement(By.java:353)
at org.openqa.selenium.remote.RemoteWebDriver.findElement(RemoteWebDriver.java:315)
at createPageAndAddElements.CreatePageAndElements.addingElements(CreatePageAndElements.java:199)
at sun.reflect.GeneratedMethodAccessor3.invoke(Unknown Source)
at sun.reflect.DelegatingMethodAccessorImpl.invoke(Unknown Source)
at java.lang.reflect.Method.invoke(Unknown Source)
at org.testng.internal.MethodInvocationHelper.invokeMethod(MethodInvocationHelper.java:124)
at org.testng.internal.Invoker.invokeMethod(Invoker.java:583)
at org.testng.internal.Invoker.invokeTestMethod(Invoker.java:719)
at org.testng.internal.Invoker.invokeTestMethods(Invoker.java:989)
at org.testng.internal.TestMethodWorker.invokeTestMethods(TestMethodWorker.java:125)
at org.testng.internal.TestMethodWorker.run(TestMethodWorker.java:109)
at org.testng.TestRunner.privateRun(TestRunner.java:648)
at org.testng.TestRunner.run(TestRunner.java:505)
at org.testng.SuiteRunner.runTest(SuiteRunner.java:455)
at org.testng.SuiteRunner.runSequentially(SuiteRunner.java:450)
at org.testng.SuiteRunner.privateRun(SuiteRunner.java:415)
at org.testng.SuiteRunner.run(SuiteRunner.java:364)
at org.testng.SuiteRunnerWorker.runSuite(SuiteRunnerWorker.java:52)
at org.testng.SuiteRunnerWorker.run(SuiteRunnerWorker.java:84)
at org.testng.TestNG.runSuitesSequentially(TestNG.java:1208)
at org.testng.TestNG.runSuitesLocally(TestNG.java:1137)
at org.testng.TestNG.runSuites(TestNG.java:1049)
at org.testng.TestNG.run(TestNG.java:1017)
at org.testng.remote.AbstractRemoteTestNG.run(AbstractRemoteTestNG.java:115)
at org.testng.remote.RemoteTestNG.initAndRun(RemoteTestNG.java:251)
at org.testng.remote.RemoteTestNG.main(RemoteTestNG.java:77)
]]>
            </full-stacktrace>
          </exception> <!-- org.openqa.selenium.NoSuchElementException -->
          <reporter-output>
          </reporter-output>
        </test-method> <!-- addingElements -->
        <test-method status="FAIL" signature="addingElements(java.lang.String, java.lang.String, java.lang.String, java.lang.String, java.lang.String, java.lang.String, java.lang.String, java.lang.String)[pri:0, instance:createPageAndAddElements.CreatePageAndElements@2c34f934]" name="addingElements" duration-ms="6538" started-at="2020-06-18T08:24:02Z" data-provider="getExcelDataForGivenPage" finished-at="2020-06-18T08:24:08Z">
          <params>
            <param index="0">
              <value>
                <![CDATA[Shopping]]>
              </value>
            </param>
            <param index="1">
              <value>
                <![CDATA[Shopping]]>
              </value>
            </param>
            <param index="2">
              <value>
                <![CDATA[Shopping]]>
              </value>
            </param>
            <param index="3">
              <value>
                <![CDATA[Icon]]>
              </value>
            </param>
            <param index="4">
              <value>
                <![CDATA[xpath]]>
              </value>
            </param>
            <param index="5">
              <value>
                <![CDATA[//android.widget.TextView[@text='Shopping bag']]]>
              </value>
            </param>
            <param index="6">
              <value>
                <![CDATA[xpath]]>
              </value>
            </param>
            <param index="7">
              <value>
                <![CDATA[//android.widget.TextView[@text='Shopping bag']]]>
              </value>
            </param>
          </params>
          <exception class="org.openqa.selenium.NoSuchElementException">
            <message>
              <![CDATA[no such element: Unable to locate element: {"method":"xpath","selector":"//div[contains(text(),'Successfully')]"}
  (Session info: chrome=83.0.4103.97)
For documentation on this error, please visit: https://www.seleniumhq.org/exceptions/no_such_element.html
Build info: version: '3.141.59', revision: 'e82be7d358', time: '2018-11-14T08:17:03'
System info: host: 'TYSS-TESTOPTIMI', ip: '192.168.0.6', os.name: 'Windows 10', os.arch: 'amd64', os.version: '10.0', java.version: '1.8.0_201'
Driver info: org.openqa.selenium.chrome.ChromeDriver
Capabilities {acceptInsecureCerts: false, browserName: chrome, browserVersion: 83.0.4103.97, chrome: {chromedriverVersion: 83.0.4103.39 (ccbf011cb2d2b..., userDataDir: C:\Users\TESTOP~1\AppData\L...}, goog:chromeOptions: {debuggerAddress: localhost:53311}, javascriptEnabled: true, networkConnectionEnabled: false, pageLoadStrategy: normal, platform: WINDOWS, platformName: WINDOWS, proxy: Proxy(), setWindowRect: true, strictFileInteractability: false, timeouts: {implicit: 0, pageLoad: 300000, script: 30000}, unhandledPromptBehavior: dismiss and notify, webauthn:virtualAuthenticators: true}
Session ID: 67c281d72a70ea255f19a7f935d3e343
*** Element info: {Using=xpath, value=//div[contains(text(),'Successfully')]}]]>
            </message>
            <full-stacktrace>
              <![CDATA[org.openqa.selenium.NoSuchElementException: no such element: Unable to locate element: {"method":"xpath","selector":"//div[contains(text(),'Successfully')]"}
  (Session info: chrome=83.0.4103.97)
For documentation on this error, please visit: https://www.seleniumhq.org/exceptions/no_such_element.html
Build info: version: '3.141.59', revision: 'e82be7d358', time: '2018-11-14T08:17:03'
System info: host: 'TYSS-TESTOPTIMI', ip: '192.168.0.6', os.name: 'Windows 10', os.arch: 'amd64', os.version: '10.0', java.version: '1.8.0_201'
Driver info: org.openqa.selenium.chrome.ChromeDriver
Capabilities {acceptInsecureCerts: false, browserName: chrome, browserVersion: 83.0.4103.97, chrome: {chromedriverVersion: 83.0.4103.39 (ccbf011cb2d2b..., userDataDir: C:\Users\TESTOP~1\AppData\L...}, goog:chromeOptions: {debuggerAddress: localhost:53311}, javascriptEnabled: true, networkConnectionEnabled: false, pageLoadStrategy: normal, platform: WINDOWS, platformName: WINDOWS, proxy: Proxy(), setWindowRect: true, strictFileInteractability: false, timeouts: {implicit: 0, pageLoad: 300000, script: 30000}, unhandledPromptBehavior: dismiss and notify, webauthn:virtualAuthenticators: true}
Session ID: 67c281d72a70ea255f19a7f935d3e343
*** Element info: {Using=xpath, value=//div[contains(text(),'Successfully')]}
at sun.reflect.NativeConstructorAccessorImpl.newInstance0(Native Method)
at sun.reflect.NativeConstructorAccessorImpl.newInstance(Unknown Source)
at sun.reflect.DelegatingConstructorAccessorImpl.newInstance(Unknown Source)
at java.lang.reflect.Constructor.newInstance(Unknown Source)
at org.openqa.selenium.remote.http.W3CHttpResponseCodec.createException(W3CHttpResponseCodec.java:187)
at org.openqa.selenium.remote.http.W3CHttpResponseCodec.decode(W3CHttpResponseCodec.java:122)
at org.openqa.selenium.remote.http.W3CHttpResponseCodec.decode(W3CHttpResponseCodec.java:49)
at org.openqa.selenium.remote.HttpCommandExecutor.execute(HttpCommandExecutor.java:158)
at org.openqa.selenium.remote.service.DriverCommandExecutor.execute(DriverCommandExecutor.java:83)
at org.openqa.selenium.remote.RemoteWebDriver.execute(RemoteWebDriver.java:552)
at org.openqa.selenium.remote.RemoteWebDriver.findElement(RemoteWebDriver.java:323)
at org.openqa.selenium.remote.RemoteWebDriver.findElementByXPath(RemoteWebDriver.java:428)
at org.openqa.selenium.By$ByXPath.findElement(By.java:353)
at org.openqa.selenium.remote.RemoteWebDriver.findElement(RemoteWebDriver.java:315)
at createPageAndAddElements.CreatePageAndElements.addingElements(CreatePageAndElements.java:199)
at sun.reflect.GeneratedMethodAccessor3.invoke(Unknown Source)
at sun.reflect.DelegatingMethodAccessorImpl.invoke(Unknown Source)
at java.lang.reflect.Method.invoke(Unknown Source)
at org.testng.internal.MethodInvocationHelper.invokeMethod(MethodInvocationHelper.java:124)
at org.testng.internal.Invoker.invokeMethod(Invoker.java:583)
at org.testng.internal.Invoker.invokeTestMethod(Invoker.java:719)
at org.testng.internal.Invoker.invokeTestMethods(Invoker.java:989)
at org.testng.internal.TestMethodWorker.invokeTestMethods(TestMethodWorker.java:125)
at org.testng.internal.TestMethodWorker.run(TestMethodWorker.java:109)
at org.testng.TestRunner.privateRun(TestRunner.java:648)
at org.testng.TestRunner.run(TestRunner.java:505)
at org.testng.SuiteRunner.runTest(SuiteRunner.java:455)
at org.testng.SuiteRunner.runSequentially(SuiteRunner.java:450)
at org.testng.SuiteRunner.privateRun(SuiteRunner.java:415)
at org.testng.SuiteRunner.run(SuiteRunner.java:364)
at org.testng.SuiteRunnerWorker.runSuite(SuiteRunnerWorker.java:52)
at org.testng.SuiteRunnerWorker.run(SuiteRunnerWorker.java:84)
at org.testng.TestNG.runSuitesSequentially(TestNG.java:1208)
at org.testng.TestNG.runSuitesLocally(TestNG.java:1137)
at org.testng.TestNG.runSuites(TestNG.java:1049)
at org.testng.TestNG.run(TestNG.java:1017)
at org.testng.remote.AbstractRemoteTestNG.run(AbstractRemoteTestNG.java:115)
at org.testng.remote.RemoteTestNG.initAndRun(RemoteTestNG.java:251)
at org.testng.remote.RemoteTestNG.main(RemoteTestNG.java:77)
]]>
            </full-stacktrace>
          </exception> <!-- org.openqa.selenium.NoSuchElementException -->
          <reporter-output>
          </reporter-output>
        </test-method> <!-- addingElements -->
        <test-method status="FAIL" signature="addingElements(java.lang.String, java.lang.String, java.lang.String, java.lang.String, java.lang.String, java.lang.String, java.lang.String, java.lang.String)[pri:0, instance:createPageAndAddElements.CreatePageAndElements@2c34f934]" name="addingElements" duration-ms="7013" started-at="2020-06-18T08:24:08Z" data-provider="getExcelDataForGivenPage" finished-at="2020-06-18T08:24:15Z">
          <params>
            <param index="0">
              <value>
                <![CDATA[Shopping]]>
              </value>
            </param>
            <param index="1">
              <value>
                <![CDATA[Shopping]]>
              </value>
            </param>
            <param index="2">
              <value>
                <![CDATA[Count]]>
              </value>
            </param>
            <param index="3">
              <value>
                <![CDATA[Text]]>
              </value>
            </param>
            <param index="4">
              <value>
                <![CDATA[id]]>
              </value>
            </param>
            <param index="5">
              <value>
                <![CDATA[com.dylvian.mango.activities:id/bottom_navigation_notification]]>
              </value>
            </param>
            <param index="6">
              <value>
                <![CDATA[id]]>
              </value>
            </param>
            <param index="7">
              <value>
                <![CDATA[com.dylvian.mango.activities:id/bottom_navigation_notification]]>
              </value>
            </param>
          </params>
          <exception class="org.openqa.selenium.NoSuchElementException">
            <message>
              <![CDATA[no such element: Unable to locate element: {"method":"xpath","selector":"//div[contains(text(),'Successfully')]"}
  (Session info: chrome=83.0.4103.97)
For documentation on this error, please visit: https://www.seleniumhq.org/exceptions/no_such_element.html
Build info: version: '3.141.59', revision: 'e82be7d358', time: '2018-11-14T08:17:03'
System info: host: 'TYSS-TESTOPTIMI', ip: '192.168.0.6', os.name: 'Windows 10', os.arch: 'amd64', os.version: '10.0', java.version: '1.8.0_201'
Driver info: org.openqa.selenium.chrome.ChromeDriver
Capabilities {acceptInsecureCerts: false, browserName: chrome, browserVersion: 83.0.4103.97, chrome: {chromedriverVersion: 83.0.4103.39 (ccbf011cb2d2b..., userDataDir: C:\Users\TESTOP~1\AppData\L...}, goog:chromeOptions: {debuggerAddress: localhost:53311}, javascriptEnabled: true, networkConnectionEnabled: false, pageLoadStrategy: normal, platform: WINDOWS, platformName: WINDOWS, proxy: Proxy(), setWindowRect: true, strictFileInteractability: false, timeouts: {implicit: 0, pageLoad: 300000, script: 30000}, unhandledPromptBehavior: dismiss and notify, webauthn:virtualAuthenticators: true}
Session ID: 67c281d72a70ea255f19a7f935d3e343
*** Element info: {Using=xpath, value=//div[contains(text(),'Successfully')]}]]>
            </message>
            <full-stacktrace>
              <![CDATA[org.openqa.selenium.NoSuchElementException: no such element: Unable to locate element: {"method":"xpath","selector":"//div[contains(text(),'Successfully')]"}
  (Session info: chrome=83.0.4103.97)
For documentation on this error, please visit: https://www.seleniumhq.org/exceptions/no_such_element.html
Build info: version: '3.141.59', revision: 'e82be7d358', time: '2018-11-14T08:17:03'
System info: host: 'TYSS-TESTOPTIMI', ip: '192.168.0.6', os.name: 'Windows 10', os.arch: 'amd64', os.version: '10.0', java.version: '1.8.0_201'
Driver info: org.openqa.selenium.chrome.ChromeDriver
Capabilities {acceptInsecureCerts: false, browserName: chrome, browserVersion: 83.0.4103.97, chrome: {chromedriverVersion: 83.0.4103.39 (ccbf011cb2d2b..., userDataDir: C:\Users\TESTOP~1\AppData\L...}, goog:chromeOptions: {debuggerAddress: localhost:53311}, javascriptEnabled: true, networkConnectionEnabled: false, pageLoadStrategy: normal, platform: WINDOWS, platformName: WINDOWS, proxy: Proxy(), setWindowRect: true, strictFileInteractability: false, timeouts: {implicit: 0, pageLoad: 300000, script: 30000}, unhandledPromptBehavior: dismiss and notify, webauthn:virtualAuthenticators: true}
Session ID: 67c281d72a70ea255f19a7f935d3e343
*** Element info: {Using=xpath, value=//div[contains(text(),'Successfully')]}
at sun.reflect.NativeConstructorAccessorImpl.newInstance0(Native Method)
at sun.reflect.NativeConstructorAccessorImpl.newInstance(Unknown Source)
at sun.reflect.DelegatingConstructorAccessorImpl.newInstance(Unknown Source)
at java.lang.reflect.Constructor.newInstance(Unknown Source)
at org.openqa.selenium.remote.http.W3CHttpResponseCodec.createException(W3CHttpResponseCodec.java:187)
at org.openqa.selenium.remote.http.W3CHttpResponseCodec.decode(W3CHttpResponseCodec.java:122)
at org.openqa.selenium.remote.http.W3CHttpResponseCodec.decode(W3CHttpResponseCodec.java:49)
at org.openqa.selenium.remote.HttpCommandExecutor.execute(HttpCommandExecutor.java:158)
at org.openqa.selenium.remote.service.DriverCommandExecutor.execute(DriverCommandExecutor.java:83)
at org.openqa.selenium.remote.RemoteWebDriver.execute(RemoteWebDriver.java:552)
at org.openqa.selenium.remote.RemoteWebDriver.findElement(RemoteWebDriver.java:323)
at org.openqa.selenium.remote.RemoteWebDriver.findElementByXPath(RemoteWebDriver.java:428)
at org.openqa.selenium.By$ByXPath.findElement(By.java:353)
at org.openqa.selenium.remote.RemoteWebDriver.findElement(RemoteWebDriver.java:315)
at createPageAndAddElements.CreatePageAndElements.addingElements(CreatePageAndElements.java:199)
at sun.reflect.GeneratedMethodAccessor3.invoke(Unknown Source)
at sun.reflect.DelegatingMethodAccessorImpl.invoke(Unknown Source)
at java.lang.reflect.Method.invoke(Unknown Source)
at org.testng.internal.MethodInvocationHelper.invokeMethod(MethodInvocationHelper.java:124)
at org.testng.internal.Invoker.invokeMethod(Invoker.java:583)
at org.testng.internal.Invoker.invokeTestMethod(Invoker.java:719)
at org.testng.internal.Invoker.invokeTestMethods(Invoker.java:989)
at org.testng.internal.TestMethodWorker.invokeTestMethods(TestMethodWorker.java:125)
at org.testng.internal.TestMethodWorker.run(TestMethodWorker.java:109)
at org.testng.TestRunner.privateRun(TestRunner.java:648)
at org.testng.TestRunner.run(TestRunner.java:505)
at org.testng.SuiteRunner.runTest(SuiteRunner.java:455)
at org.testng.SuiteRunner.runSequentially(SuiteRunner.java:450)
at org.testng.SuiteRunner.privateRun(SuiteRunner.java:415)
at org.testng.SuiteRunner.run(SuiteRunner.java:364)
at org.testng.SuiteRunnerWorker.runSuite(SuiteRunnerWorker.java:52)
at org.testng.SuiteRunnerWorker.run(SuiteRunnerWorker.java:84)
at org.testng.TestNG.runSuitesSequentially(TestNG.java:1208)
at org.testng.TestNG.runSuitesLocally(TestNG.java:1137)
at org.testng.TestNG.runSuites(TestNG.java:1049)
at org.testng.TestNG.run(TestNG.java:1017)
at org.testng.remote.AbstractRemoteTestNG.run(AbstractRemoteTestNG.java:115)
at org.testng.remote.RemoteTestNG.initAndRun(RemoteTestNG.java:251)
at org.testng.remote.RemoteTestNG.main(RemoteTestNG.java:77)
]]>
            </full-stacktrace>
          </exception> <!-- org.openqa.selenium.NoSuchElementException -->
          <reporter-output>
          </reporter-output>
        </test-method> <!-- addingElements -->
      </class> <!-- createPageAndAddElements.CreatePageAndElements -->
    </test> <!-- Default test -->
  </suite> <!-- Default suite -->
</testng-results>
